<?xml version="1.0" encoding="UTF-8"?>
<testsuite name="org.apache.sling.launchpad.webapp.integrationtest.servlets.post.PostServletVersionableTest" time="4.437" tests="25" errors="0" skipped="0" failures="0">
  <properties>
    <property name="project.bundle.file" value="/home/xumakgt5/Desarrollo/Apache/sling/bundles/commons/log/target/org.apache.sling.commons.log-4.0.1-SNAPSHOT.jar"/>
    <property name="java.runtime.name" value="Java(TM) SE Runtime Environment"/>
    <property name="sun.boot.library.path" value="/usr/lib/jvm/java-7-oracle/jre/lib/amd64"/>
    <property name="java.vm.version" value="24.55-b03"/>
    <property name="java.vm.vendor" value="Oracle Corporation"/>
    <property name="java.vendor.url" value="http://java.oracle.com/"/>
    <property name="path.separator" value=":"/>
    <property name="guice.disable.misplaced.annotation.check" value="true"/>
    <property name="java.vm.name" value="Java HotSpot(TM) 64-Bit Server VM"/>
    <property name="file.encoding.pkg" value="sun.io"/>
    <property name="user.country" value="GT"/>
    <property name="sun.java.launcher" value="SUN_STANDARD"/>
    <property name="sun.os.patch.level" value="unknown"/>
    <property name="java.vm.specification.name" value="Java Virtual Machine Specification"/>
    <property name="user.dir" value="/home/xumakgt5/Desarrollo/Apache/sling"/>
    <property name="java.runtime.version" value="1.7.0_55-b13"/>
    <property name="java.awt.graphicsenv" value="sun.awt.X11GraphicsEnvironment"/>
    <property name="java.endorsed.dirs" value="/usr/lib/jvm/java-7-oracle/jre/lib/endorsed"/>
    <property name="os.arch" value="amd64"/>
    <property name="java.io.tmpdir" value="/tmp"/>
    <property name="line.separator" value="&#10;"/>
    <property name="java.vm.specification.vendor" value="Oracle Corporation"/>
    <property name="os.name" value="Linux"/>
    <property name="classworlds.conf" value="/usr/share/maven/bin/m2.conf"/>
    <property name="sun.jnu.encoding" value="UTF-8"/>
    <property name="java.library.path" value="/usr/java/packages/lib/amd64:/usr/lib64:/lib64:/lib:/usr/lib"/>
    <property name="org.apache.jackrabbit.core.util.RepositoryLock:/home/xumakgt5/Desarrollo/Apache/sling/launchpad/testing/sling/jackrabbit" value="org.apache.jackrabbit.core.util.RepositoryLock:/home/xumakgt5/Desarrollo/Apache/sling/launchpad/testing/sling/jackrabbit"/>
    <property name="java.specification.name" value="Java Platform API Specification"/>
    <property name="java.class.version" value="51.0"/>
    <property name="sun.management.compiler" value="HotSpot 64-Bit Tiered Compilers"/>
    <property name="os.version" value="3.11.0-20-generic"/>
    <property name="user.home" value="/home/xumakgt5"/>
    <property name="user.timezone" value="America/Guatemala"/>
    <property name="java.awt.printerjob" value="sun.print.PSPrinterJob"/>
    <property name="java.specification.version" value="1.7"/>
    <property name="file.encoding" value="UTF-8"/>
    <property name="http.port" value="49169"/>
    <property name="user.name" value="xumakgt5"/>
    <property name="java.class.path" value="/usr/share/maven/boot/plexus-classworlds-2.x.jar"/>
    <property name="java.vm.specification.version" value="1.7"/>
    <property name="sun.arch.data.model" value="64"/>
    <property name="java.home" value="/usr/lib/jvm/java-7-oracle/jre"/>
    <property name="sun.java.command" value="org.codehaus.plexus.classworlds.launcher.Launcher clean install"/>
    <property name="org.terracotta.quartz.skipUpdateCheck" value="true"/>
    <property name="java.specification.vendor" value="Oracle Corporation"/>
    <property name="user.language" value="es"/>
    <property name="awt.toolkit" value="sun.awt.X11.XToolkit"/>
    <property name="java.vm.info" value="mixed mode"/>
    <property name="java.version" value="1.7.0_55"/>
    <property name="java.ext.dirs" value="/usr/lib/jvm/java-7-oracle/jre/lib/ext:/usr/java/packages/lib/ext"/>
    <property name="securerandom.source" value="file:/dev/./urandom"/>
    <property name="sun.boot.class.path" value="/usr/lib/jvm/java-7-oracle/jre/lib/resources.jar:/usr/lib/jvm/java-7-oracle/jre/lib/rt.jar:/usr/lib/jvm/java-7-oracle/jre/lib/sunrsasign.jar:/usr/lib/jvm/java-7-oracle/jre/lib/jsse.jar:/usr/lib/jvm/java-7-oracle/jre/lib/jce.jar:/usr/lib/jvm/java-7-oracle/jre/lib/charsets.jar:/usr/lib/jvm/java-7-oracle/jre/lib/jfr.jar:/usr/lib/jvm/java-7-oracle/jre/classes"/>
    <property name="java.vendor" value="Oracle Corporation"/>
    <property name="maven.home" value="/usr/share/maven"/>
    <property name="file.separator" value="/"/>
    <property name="derby.stream.error.file" value="/home/xumakgt5/Desarrollo/Apache/sling/launchpad/testing/sling/jackrabbit/derby.log"/>
    <property name="java.vendor.url.bug" value="http://bugreport.sun.com/bugreport/"/>
    <property name="sun.cpu.endian" value="little"/>
    <property name="sun.io.unicode.encoding" value="UnicodeLittle"/>
    <property name="sun.font.fontmanager" value="sun.awt.X11FontManager"/>
    <property name="sun.desktop" value="gnome"/>
    <property name="sun.cpu.isalist" value=""/>
  </properties>
  <testcase name="testCheckingOutAnAlreadyCheckedOutNodeIsANoOp" classname="org.apache.sling.launchpad.webapp.integrationtest.servlets.post.PostServletVersionableTest" time="0.047"/>
  <testcase name="testModifyingACheckedInNodeFailsWithoutAutoCheckout" classname="org.apache.sling.launchpad.webapp.integrationtest.servlets.post.PostServletVersionableTest" time="0.09"/>
  <testcase name="testCopyingANodeToACheckedInNodeByOp" classname="org.apache.sling.launchpad.webapp.integrationtest.servlets.post.PostServletVersionableTest" time="0.396"/>
  <testcase name="testDeletingChildNodeOfACheckedInNodeByOp" classname="org.apache.sling.launchpad.webapp.integrationtest.servlets.post.PostServletVersionableTest" time="0.187"/>
  <testcase name="testPostPathIsUnique" classname="org.apache.sling.launchpad.webapp.integrationtest.servlets.post.PostServletVersionableTest" time="0.006"/>
  <testcase name="testDeletingAPropertyOfACheckedInNode" classname="org.apache.sling.launchpad.webapp.integrationtest.servlets.post.PostServletVersionableTest" time="0.162"/>
  <testcase name="testDeletingChildNodeOfACheckedInNode" classname="org.apache.sling.launchpad.webapp.integrationtest.servlets.post.PostServletVersionableTest" time="0.163"/>
  <testcase name="testModifyingACheckedOutNodeDoesntCheckItIn" classname="org.apache.sling.launchpad.webapp.integrationtest.servlets.post.PostServletVersionableTest" time="0.074"/>
  <testcase name="testCheckingInACheckOutNode" classname="org.apache.sling.launchpad.webapp.integrationtest.servlets.post.PostServletVersionableTest" time="0.12"/>
  <testcase name="testModifiedNodeIsCheckedInAfterModification" classname="org.apache.sling.launchpad.webapp.integrationtest.servlets.post.PostServletVersionableTest" time="0.165"/>
  <testcase name="testCheckingInAnAlreadyCheckedInNodeIsANoOp" classname="org.apache.sling.launchpad.webapp.integrationtest.servlets.post.PostServletVersionableTest" time="0.087"/>
  <testcase name="testMovingAPropertyOfACheckedInNodeToACheckedInNode" classname="org.apache.sling.launchpad.webapp.integrationtest.servlets.post.PostServletVersionableTest" time="0.363"/>
  <testcase name="testCopyingAPropertyToACheckedInNode" classname="org.apache.sling.launchpad.webapp.integrationtest.servlets.post.PostServletVersionableTest" time="0.252"/>
  <testcase name="testMovingAChildNodeOfACheckedInNodeToACheckedInNodeByOp" classname="org.apache.sling.launchpad.webapp.integrationtest.servlets.post.PostServletVersionableTest" time="0.382"/>
  <testcase name="testCreatedNodeIsCheckedOut" classname="org.apache.sling.launchpad.webapp.integrationtest.servlets.post.PostServletVersionableTest" time="0.049"/>
  <testcase name="testMovingAChildNodeOfACheckedInNodeToANewVersionableNode" classname="org.apache.sling.launchpad.webapp.integrationtest.servlets.post.PostServletVersionableTest" time="0.333"/>
  <testcase name="testCreatedNodeIsCheckedInIfRequested" classname="org.apache.sling.launchpad.webapp.integrationtest.servlets.post.PostServletVersionableTest" time="0.089"/>
  <testcase name="testAddingVersionableMixInChecksInIfRequested" classname="org.apache.sling.launchpad.webapp.integrationtest.servlets.post.PostServletVersionableTest" time="0.106"/>
  <testcase name="testCheckingOutACheckedInNode" classname="org.apache.sling.launchpad.webapp.integrationtest.servlets.post.PostServletVersionableTest" time="0.123"/>
  <testcase name="testCopyingANodeToACheckedInNode" classname="org.apache.sling.launchpad.webapp.integrationtest.servlets.post.PostServletVersionableTest" time="0.345"/>
  <testcase name="testMovingAChildNodeOfACheckedInNodeToACheckedInNode" classname="org.apache.sling.launchpad.webapp.integrationtest.servlets.post.PostServletVersionableTest" time="0.38"/>
  <testcase name="testModifiedNodeIsCheckedOutIfRequested" classname="org.apache.sling.launchpad.webapp.integrationtest.servlets.post.PostServletVersionableTest" time="0.134"/>
  <testcase name="testDeletingAPropertyOfACheckedInNodeFailsWithoutAutoCheckout" classname="org.apache.sling.launchpad.webapp.integrationtest.servlets.post.PostServletVersionableTest" time="0.095"/>
  <testcase name="testMovingAPropertyOfACheckedInNodeToANewVersionableNode" classname="org.apache.sling.launchpad.webapp.integrationtest.servlets.post.PostServletVersionableTest" time="0.221"/>
  <testcase name="testAddingVersionableMixInChecksOut" classname="org.apache.sling.launchpad.webapp.integrationtest.servlets.post.PostServletVersionableTest" time="0.068"/>
</testsuite>